<?xml version="1.0" encoding="UTF-8"?>
<!-- Generated by org.testng.reporters.JUnitXMLReporter -->
<testsuite hostname="san3149591" ignored="0" name="Quotes" tests="4" failures="0" timestamp="14 Mar 2021 09:42:02 GMT" time="8.017" errors="0">
  <testcase name="verifyToAddAQuote" time="2.309" classname="com.nagp.testcases.TC02_Quotes"/>
  <testcase name="verifyToHideTheQuotes" time="1.791" classname="com.nagp.testcases.TC02_Quotes"/>
  <testcase name="verifyUnHideTheQuotes" time="1.939" classname="com.nagp.testcases.TC02_Quotes"/>
  <testcase name="verifyToMakeFavouriteQuotes" time="1.91" classname="com.nagp.testcases.TC02_Quotes"/>
</testsuite> <!-- Quotes -->
