<?xml version="1.0" encoding="UTF-8"?>
<!-- Generated by org.testng.reporters.JUnitXMLReporter -->
<testsuite hostname="san3149591" ignored="0" name="Quotes" tests="4" failures="0" timestamp="16 Mar 2021 00:03:43 GMT" time="12.14" errors="0">
  <testcase name="verifyToAddAQuote" time="3.193" classname="com.nagp.testcases.TC02_Quotes"/>
  <testcase name="verifyToHideTheQuotes" time="2.94" classname="com.nagp.testcases.TC02_Quotes"/>
  <testcase name="verifyUnHideTheQuotes" time="2.822" classname="com.nagp.testcases.TC02_Quotes"/>
  <testcase name="verifyToMakeFavouriteQuotes" time="3.113" classname="com.nagp.testcases.TC02_Quotes"/>
</testsuite> <!-- Quotes -->
