<?xml version="1.0" encoding="UTF-8"?>
<!-- Generated by org.testng.reporters.JUnitXMLReporter -->
<testsuite hostname="san3149591" ignored="0" name="User" tests="2" failures="2" timestamp="14 Mar 2021 09:56:46 GMT" time="0.742" errors="0">
  <testcase name="createNewUser" time="0.006" classname="com.nagp.testcases.TC01_Users">
    <failure type="java.lang.NullPointerException">
      <![CDATA[java.lang.NullPointerException
at com.nagp.config.DotTestListener.onTestStart(DotTestListener.java:57)
... Removed 22 stack frames]]>
    </failure>
  </testcase> <!-- createNewUser -->
  <testcase name="createNewUser" time="0.722" classname="com.nagp.testcases.TC01_Users">
    <failure type="java.lang.NullPointerException">
      <![CDATA[java.lang.NullPointerException
at com.nagp.config.DotTestListener.onTestFailure(DotTestListener.java:43)
... Removed 22 stack frames]]>
    </failure>
  </testcase> <!-- createNewUser -->
</testsuite> <!-- User -->
